[debug] [2020-05-28T23:24:44.288Z] ----------------------------------------------------------------------
[debug] [2020-05-28T23:24:44.290Z] Command:       /usr/local/bin/node /usr/local/bin/firebase init
[debug] [2020-05-28T23:24:44.290Z] CLI Version:   8.4.1
[debug] [2020-05-28T23:24:44.290Z] Platform:      darwin
[debug] [2020-05-28T23:24:44.290Z] Node Version:  v12.16.2
[debug] [2020-05-28T23:24:44.291Z] Time:          Thu May 28 2020 16:24:44 GMT-0700 (Pacific Daylight Time)
[debug] [2020-05-28T23:24:44.291Z] ----------------------------------------------------------------------
[debug] [2020-05-28T23:24:44.292Z] 
[debug] [2020-05-28T23:24:44.299Z] > command requires scopes: ["email","openid","https://www.googleapis.com/auth/cloudplatformprojects.readonly","https://www.googleapis.com/auth/firebase","https://www.googleapis.com/auth/cloud-platform"]
[debug] [2020-05-28T23:24:44.300Z] > authorizing via signed-in user
[info] 
     ######## #### ########  ######## ########     ###     ######  ########
     ##        ##  ##     ## ##       ##     ##  ##   ##  ##       ##
     ######    ##  ########  ######   ########  #########  ######  ######
     ##        ##  ##    ##  ##       ##     ## ##     ##       ## ##
     ##       #### ##     ## ######## ########  ##     ##  ######  ########

You're about to initialize a Firebase project in this directory:

  /Users/arulkolla/blocks

[debug] [2020-05-28T23:28:27.205Z] TypeError: Cannot read property 'setRawMode' of null
    at ReadStream.setRawMode (tty.js:75:28)
    at Interface._setRawMode (readline.js:283:16)
    at Interface.close (readline.js:406:10)
    at ReadStream.ontermend (readline.js:194:10)
    at ReadStream.emit (events.js:322:22)
    at ReadStream.EventEmitter.emit (domain.js:482:12)
    at endReadableNT (_stream_readable.js:1187:12)
    at processTicksAndRejections (internal/process/task_queues.js:84:21)
